SF:lib\app.dart
DA:8,2
DA:10,3
DA:12,1
DA:13,1
DA:17,1
DA:19,1
DA:20,1
DA:23,1
DA:24,1
DA:32,1
DA:34,3
DA:35,3
LF:12
LH:12
end_of_record
SF:lib\ui\Controller\Login_Controller.dart
DA:9,0
DA:10,0
DA:11,0
DA:12,0
DA:13,0
DA:15,0
DA:20,0
DA:21,0
DA:22,0
DA:23,0
DA:24,0
DA:25,0
DA:26,0
DA:27,0
DA:28,0
DA:29,0
LF:16
LH:0
end_of_record
SF:lib\ui\Controller\New_task_Controller.dart
DA:11,0
DA:12,0
DA:14,0
DA:16,0
DA:17,0
DA:18,0
DA:19,0
DA:20,0
DA:22,0
DA:23,0
DA:26,0
LF:11
LH:0
end_of_record
SF:lib\ui\Screens\SplashScreen.dart
DA:11,2
DA:13,1
DA:14,1
DA:18,1
DA:20,1
DA:21,3
DA:22,1
DA:26,1
DA:27,1
DA:29,0
DA:30,0
DA:31,0
DA:34,0
DA:35,0
DA:40,1
DA:42,1
DA:43,1
DA:44,1
DA:45,1
LF:19
LH:14
end_of_record
SF:lib\data\models\task-model.dart
DA:5,1
DA:7,0
DA:8,0
DA:9,0
DA:10,0
DA:11,0
DA:12,0
DA:17,0
DA:18,0
DA:19,0
DA:20,0
DA:21,0
DA:35,0
DA:37,0
DA:38,0
DA:39,0
DA:40,0
DA:41,0
DA:42,0
DA:43,0
DA:46,0
DA:47,0
DA:48,0
DA:49,0
DA:50,0
DA:51,0
DA:52,0
LF:27
LH:1
end_of_record
SF:lib\data\network-utils.dart
DA:10,0
DA:13,0
DA:17,0
DA:18,0
DA:19,0
DA:20,0
DA:22,0
DA:24,0
DA:27,0
DA:30,0
DA:35,0
DA:38,0
DA:39,0
DA:43,0
DA:45,0
DA:46,0
DA:47,0
DA:49,0
DA:51,0
DA:54,0
DA:57,0
DA:61,0
DA:64,0
DA:69,0
DA:72,0
DA:74,0
DA:77,0
DA:80,0
DA:84,0
DA:85,0
DA:86,0
DA:87,0
DA:88,0
DA:89,0
LF:34
LH:0
end_of_record
SF:lib\ui\Screens\loginScreen.dart
DA:14,2
DA:16,0
DA:17,0
DA:27,0
DA:28,0
DA:29,0
DA:31,0
DA:35,0
DA:37,0
DA:38,0
DA:39,0
DA:41,0
DA:42,0
DA:43,0
DA:46,0
DA:47,0
DA:49,0
DA:54,0
DA:56,0
DA:57,0
DA:58,0
DA:67,0
DA:70,0
DA:71,0
DA:72,0
DA:81,0
DA:82,0
DA:86,0
DA:89,0
DA:90,0
DA:91,0
DA:95,0
DA:97,0
DA:98,0
DA:99,0
DA:106,0
DA:109,0
DA:110,0
DA:111,0
DA:112,0
DA:113,0
DA:115,0
DA:116,0
DA:124,0
DA:127,0
DA:128,0
DA:130,0
DA:131,0
LF:48
LH:1
end_of_record
SF:lib\ui\utils\auth-utils.dart
DA:6,0
DA:8,0
DA:9,0
DA:10,0
DA:11,0
DA:12,0
DA:13,0
DA:14,0
DA:23,1
DA:24,1
DA:25,0
DA:34,0
DA:35,0
DA:37,0
DA:38,0
DA:39,0
DA:40,0
DA:41,0
DA:42,0
DA:45,0
DA:46,0
DA:47,0
DA:50,0
DA:51,0
DA:52,0
LF:25
LH:2
end_of_record
SF:lib\data\urls.dart
DA:4,0
DA:5,0
DA:7,0
DA:8,0
DA:10,0
DA:11,0
DA:13,0
DA:14,0
DA:16,0
LF:9
LH:0
end_of_record
SF:lib\ui\Screens\Inprogress-task-screen.dart
DA:12,2
DA:14,0
DA:15,0
DA:22,0
DA:24,0
DA:25,0
DA:28,0
DA:29,0
DA:30,0
DA:31,0
DA:32,0
DA:35,0
DA:36,0
DA:37,0
DA:38,0
DA:39,0
DA:40,0
DA:41,0
DA:42,0
DA:43,0
DA:44,0
DA:47,0
DA:48,0
DA:49,0
DA:58,0
DA:59,0
DA:60,0
DA:61,0
DA:65,0
DA:67,0
DA:68,0
DA:71,0
DA:72,0
DA:75,0
DA:77,0
DA:78,0
DA:79,0
DA:80,0
DA:81,0
DA:82,0
DA:83,0
DA:87,0
DA:88,0
DA:89,0
DA:91,0
DA:92,0
DA:93,0
DA:94,0
DA:95,0
DA:97,0
DA:98,0
DA:100,0
DA:101,0
DA:105,0
DA:106,0
DA:107,0
DA:108,0
DA:109,0
DA:112,0
DA:113,0
DA:114,0
DA:125,0
DA:127,0
DA:128,0
DA:130,0
DA:131,0
LF:66
LH:1
end_of_record
SF:lib\ui\utils\snackbar-message.dart
DA:3,0
DA:5,0
DA:6,0
DA:7,0
LF:4
LH:0
end_of_record
SF:lib\ui\widgets\changeTaskStatus-show-bottom-sheet.dart
DA:8,0
DA:12,0
DA:13,0
DA:14,0
DA:15,0
DA:16,0
DA:17,0
DA:18,0
DA:19,0
DA:23,0
DA:25,0
DA:28,0
DA:32,0
DA:34,0
DA:37,0
DA:41,0
DA:43,0
DA:46,0
DA:50,0
DA:52,0
DA:55,0
DA:57,0
DA:59,0
DA:60,0
DA:61,0
DA:63,0
DA:64,0
DA:66,0
LF:28
LH:0
end_of_record
SF:lib\ui\widgets\screen-Background-images.dart
DA:5,2
DA:9,1
DA:12,2
DA:14,1
DA:15,1
DA:16,1
DA:18,2
DA:20,1
LF:8
LH:8
end_of_record
SF:lib\ui\widgets\task-list-item.dart
DA:4,0
DA:13,0
DA:20,0
DA:22,0
DA:25,0
DA:27,0
DA:29,0
DA:30,0
DA:31,0
DA:37,0
DA:41,0
DA:45,0
DA:46,0
DA:47,0
DA:49,0
DA:50,0
DA:51,0
DA:58,0
DA:62,0
DA:63,0
DA:64,0
LF:21
LH:0
end_of_record
SF:lib\ui\Screens\add-new-task-screen.dart
DA:12,2
DA:14,0
DA:15,0
DA:25,0
DA:27,0
DA:28,0
DA:29,0
DA:30,0
DA:32,0
DA:33,0
DA:34,0
DA:36,0
DA:37,0
DA:38,0
DA:39,0
DA:41,0
DA:42,0
DA:44,0
DA:49,0
DA:50,0
DA:51,0
DA:57,0
DA:61,0
DA:62,0
DA:63,0
DA:70,0
DA:74,0
DA:75,0
DA:79,0
DA:82,0
DA:83,0
DA:84,0
DA:85,0
DA:87,0
DA:89,0
DA:90,0
DA:92,0
DA:95,0
DA:97,0
DA:98,0
DA:100,0
DA:101,0
DA:102,0
DA:104,0
DA:106,0
DA:108,0
DA:109,0
DA:111,0
DA:114,0
LF:49
LH:1
end_of_record
SF:lib\ui\Screens\main-bottom-navbar.dart
DA:9,2
DA:11,0
DA:12,0
DA:24,0
DA:26,0
DA:27,0
DA:28,0
DA:29,0
DA:31,0
DA:35,0
DA:40,0
DA:41,0
DA:42,0
DA:44,0
LF:14
LH:1
end_of_record
SF:lib\ui\utils\text-styles.dart
DA:3,0
DA:9,0
LF:2
LH:0
end_of_record
SF:lib\ui\widgets\app-elevated-button.dart
DA:4,0
DA:8,0
DA:13,0
DA:15,0
DA:17,0
DA:18,0
DA:22,0
DA:23,0
LF:8
LH:0
end_of_record
SF:lib\ui\widgets\app-text-form-field.dart
DA:4,0
DA:12,0
DA:21,0
DA:23,0
DA:24,0
DA:25,0
DA:26,0
DA:27,0
DA:28,0
DA:29,0
DA:30,0
DA:34,0
DA:35,0
LF:13
LH:0
end_of_record
SF:lib\ui\widgets\user-profile-widget.dart
DA:11,1
DA:13,1
DA:15,0
DA:16,0
DA:22,0
DA:25,0
DA:26,0
DA:27,0
DA:28,0
DA:30,0
DA:31,0
DA:34,0
DA:35,0
DA:36,0
DA:39,0
DA:40,0
DA:43,0
DA:48,0
DA:49,0
DA:50,0
DA:51,0
DA:53,0
DA:54,0
LF:23
LH:2
end_of_record
SF:lib\ui\Screens\cancelled-task-screen.dart
DA:12,2
DA:14,0
DA:15,0
DA:23,0
DA:25,0
DA:26,0
DA:29,0
DA:30,0
DA:31,0
DA:32,0
DA:33,0
DA:36,0
DA:37,0
DA:38,0
DA:39,0
DA:40,0
DA:41,0
DA:42,0
DA:43,0
DA:44,0
DA:45,0
DA:48,0
DA:49,0
DA:50,0
DA:59,0
DA:60,0
DA:61,0
DA:62,0
DA:66,0
DA:68,0
DA:69,0
DA:72,0
DA:73,0
DA:76,0
DA:78,0
DA:79,0
DA:80,0
DA:81,0
DA:82,0
DA:83,0
DA:84,0
DA:88,0
DA:89,0
DA:90,0
DA:92,0
DA:93,0
DA:94,0
DA:95,0
DA:96,0
DA:99,0
DA:102,0
DA:106,0
DA:107,0
DA:108,0
DA:109,0
DA:110,0
DA:113,0
DA:114,0
DA:125,0
DA:127,0
DA:128,0
DA:130,0
DA:131,0
LF:63
LH:1
end_of_record
SF:lib\ui\Screens\completed-task-screen.dart
DA:12,2
DA:14,0
DA:15,0
DA:22,0
DA:24,0
DA:25,0
DA:28,0
DA:29,0
DA:30,0
DA:31,0
DA:32,0
DA:35,0
DA:36,0
DA:37,0
DA:38,0
DA:39,0
DA:40,0
DA:41,0
DA:42,0
DA:43,0
DA:44,0
DA:47,0
DA:48,0
DA:49,0
DA:59,0
DA:60,0
DA:61,0
DA:62,0
DA:66,0
DA:68,0
DA:69,0
DA:72,0
DA:73,0
DA:76,0
DA:78,0
DA:79,0
DA:80,0
DA:81,0
DA:82,0
DA:83,0
DA:84,0
DA:88,0
DA:89,0
DA:90,0
DA:92,0
DA:93,0
DA:94,0
DA:95,0
DA:96,0
DA:99,0
DA:102,0
DA:106,0
DA:107,0
DA:108,0
DA:109,0
DA:110,0
DA:113,0
DA:114,0
DA:125,0
DA:127,0
DA:128,0
DA:130,0
DA:131,0
LF:63
LH:1
end_of_record
SF:lib\ui\Screens\sign-up-screen.dart
DA:12,2
DA:13,0
DA:14,0
DA:27,0
DA:29,0
DA:30,0
DA:31,0
DA:32,0
DA:33,0
DA:35,0
DA:36,0
DA:37,0
DA:38,0
DA:40,0
DA:42,0
DA:45,0
DA:47,0
DA:48,0
DA:49,0
DA:56,0
DA:58,0
DA:59,0
DA:60,0
DA:67,0
DA:69,0
DA:70,0
DA:71,0
DA:78,0
DA:80,0
DA:81,0
DA:82,0
DA:89,0
DA:91,0
DA:92,0
DA:93,0
DA:94,0
DA:101,0
DA:102,0
DA:106,0
DA:108,0
DA:109,0
DA:110,0
DA:111,0
DA:112,0
DA:114,0
DA:115,0
DA:116,0
DA:117,0
DA:119,0
DA:121,0
DA:124,0
DA:125,0
DA:127,0
DA:128,0
DA:129,0
DA:130,0
DA:131,0
DA:132,0
DA:134,0
DA:135,0
DA:137,0
DA:139,0
DA:140,0
DA:142,0
DA:145,0
DA:146,0
DA:153,0
DA:154,0
DA:157,0
DA:158,0
DA:160,0
DA:161,0
LF:72
LH:1
end_of_record
SF:lib\ui\Screens\verify-with-email.dart
DA:14,2
DA:16,0
DA:17,0
DA:26,0
DA:28,0
DA:29,0
DA:30,0
DA:31,0
DA:33,0
DA:34,0
DA:35,0
DA:38,0
DA:39,0
DA:41,0
DA:44,0
DA:46,0
DA:48,0
DA:49,0
DA:50,0
DA:56,0
DA:60,0
DA:61,0
DA:65,0
DA:67,0
DA:68,0
DA:69,0
DA:70,0
DA:72,0
DA:73,0
DA:74,0
DA:76,0
DA:77,0
DA:78,0
DA:80,0
DA:82,0
DA:83,0
DA:84,0
DA:90,0
DA:91,0
DA:95,0
DA:96,0
DA:100,0
DA:103,0
DA:106,0
DA:107,0
LF:45
LH:1
end_of_record
SF:lib\ui\widgets\app-text-button.dart
DA:4,0
DA:9,0
DA:15,0
DA:17,0
DA:19,0
DA:20,0
DA:21,0
DA:22,0
DA:23,0
DA:24,0
DA:25,0
LF:11
LH:0
end_of_record
SF:lib\ui\Screens\new-task-screen.dart
DA:14,2
DA:16,0
DA:17,0
DA:28,0
DA:30,0
DA:31,0
DA:32,0
DA:33,0
DA:36,0
DA:37,0
DA:38,0
DA:39,0
DA:40,0
DA:43,0
DA:44,0
DA:45,0
DA:46,0
DA:47,0
DA:48,0
DA:49,0
DA:50,0
DA:51,0
DA:52,0
DA:53,0
DA:54,0
DA:57,0
DA:58,0
DA:59,0
DA:68,0
DA:69,0
DA:70,0
DA:71,0
DA:72,0
DA:74,0
DA:76,0
DA:77,0
DA:80,0
DA:81,0
DA:84,0
DA:85,0
DA:86,0
DA:87,0
DA:89,0
DA:90,0
DA:93,0
DA:95,0
DA:96,0
DA:97,0
DA:100,0
DA:102,0
DA:103,0
DA:104,0
DA:107,0
DA:109,0
DA:110,0
DA:111,0
DA:115,0
DA:117,0
DA:118,0
DA:119,0
DA:120,0
DA:121,0
DA:122,0
DA:123,0
DA:124,0
DA:125,0
DA:127,0
DA:130,0
DA:131,0
DA:133,0
DA:136,0
DA:137,0
DA:139,0
DA:142,0
DA:143,0
DA:145,0
DA:150,0
DA:151,0
DA:155,0
DA:156,0
DA:157,0
DA:158,0
DA:160,0
DA:161,0
DA:162,0
DA:163,0
DA:165,0
DA:167,0
DA:169,0
DA:173,0
DA:174,0
DA:175,0
DA:176,0
DA:177,0
DA:178,0
DA:179,0
DA:182,0
DA:183,0
DA:194,0
DA:196,0
DA:197,0
LF:101
LH:1
end_of_record
SF:lib\ui\widgets\dashboard.dart
DA:3,0
DA:7,0
DA:12,0
DA:14,0
DA:17,0
DA:19,0
DA:20,0
DA:21,0
DA:22,0
DA:28,0
LF:10
LH:0
end_of_record
SF:lib\ui\Screens\otp-verification-screen.dart
DA:16,0
DA:17,0
DA:19,0
DA:20,0
DA:26,0
DA:28,0
DA:29,0
DA:30,0
DA:32,0
DA:33,0
DA:36,0
DA:37,0
DA:39,0
DA:42,0
DA:44,0
DA:46,0
DA:47,0
DA:54,0
DA:55,0
DA:56,0
DA:62,0
DA:64,0
DA:65,0
DA:66,0
DA:67,0
DA:69,0
DA:70,0
DA:71,0
DA:72,0
DA:74,0
DA:75,0
DA:76,0
DA:77,0
DA:83,0
DA:84,0
DA:93,0
DA:96,0
DA:97,0
DA:99,0
DA:100,0
DA:102,0
LF:41
LH:0
end_of_record
SF:lib\ui\Screens\reset-password-screen.dart
DA:15,0
DA:16,0
DA:18,0
DA:19,0
DA:28,0
DA:30,0
DA:31,0
DA:32,0
DA:34,0
DA:35,0
DA:36,0
DA:37,0
DA:40,0
DA:41,0
DA:43,0
DA:46,0
DA:48,0
DA:50,0
DA:52,0
DA:53,0
DA:54,0
DA:63,0
DA:65,0
DA:66,0
DA:67,0
DA:68,0
DA:75,0
DA:77,0
DA:78,0
DA:79,0
DA:80,0
DA:81,0
DA:82,0
DA:83,0
DA:84,0
DA:87,0
DA:88,0
DA:89,0
DA:91,0
DA:93,0
DA:94,0
DA:96,0
DA:99,0
DA:100,0
DA:111,0
DA:114,0
DA:115,0
DA:117,0
DA:118,0
DA:119,0
LF:50
LH:0
end_of_record
SF:lib\ui\Screens\update-profile-screen.dart
DA:15,2
DA:17,0
DA:18,0
DA:34,0
DA:35,0
DA:36,0
DA:37,0
DA:38,0
DA:39,0
DA:42,0
DA:43,0
DA:44,0
DA:45,0
DA:46,0
DA:50,0
DA:51,0
DA:54,0
DA:57,0
DA:58,0
DA:59,0
DA:60,0
DA:61,0
DA:62,0
DA:63,0
DA:65,0
DA:66,0
DA:67,0
DA:68,0
DA:69,0
DA:70,0
DA:71,0
DA:72,0
DA:74,0
DA:75,0
DA:78,0
DA:79,0
DA:82,0
DA:84,0
DA:85,0
DA:86,0
DA:87,0
DA:88,0
DA:91,0
DA:93,0
DA:94,0
DA:95,0
DA:96,0
DA:98,0
DA:99,0
DA:100,0
DA:102,0
DA:103,0
DA:105,0
DA:106,0
DA:107,0
DA:109,0
DA:110,0
DA:112,0
DA:117,0
DA:118,0
DA:119,0
DA:121,0
DA:122,0
DA:123,0
DA:132,0
DA:133,0
DA:140,0
DA:141,0
DA:153,0
DA:155,0
DA:157,0
DA:158,0
DA:167,0
DA:169,0
DA:170,0
DA:171,0
DA:180,0
DA:182,0
DA:183,0
DA:184,0
DA:193,0
DA:195,0
DA:196,0
DA:197,0
DA:206,0
DA:209,0
DA:210,0
DA:211,0
DA:220,0
DA:221,0
DA:225,0
DA:228,0
DA:229,0
DA:230,0
DA:248,0
DA:249,0
DA:250,0
DA:251,0
DA:252,0
DA:254,0
DA:256,0
DA:257,0
DA:260,0
DA:261,0
DA:262,0
DA:263,0
DA:264,0
DA:266,0
DA:267,0
DA:271,0
DA:274,0
DA:275,0
DA:276,0
DA:277,0
DA:278,0
DA:280,0
DA:281,0
LF:117
LH:1
end_of_record
